<?xml version="1.0" encoding="UTF-8"?>
<!-- Generated by org.testng.reporters.JUnitXMLReporter -->
<testsuite hostname="biggy" name="Portal2 Tomcat 2 Test Run" tests="9" failures="0" timestamp="16 Apr 2016 13:49:43 GMT" time="18.42" errors="0">
  <testcase name="verifyBasePageCreateAccountLink" time="0.224" classname="com.lh.common.tests.BasePageTomcatTest"/>
  <testcase name="verifyBasePageHelpLink" time="0.04" classname="com.lh.common.tests.BasePageTomcatTest"/>
  <testcase name="verifyBasePageHomeLink" time="0.04" classname="com.lh.common.tests.BasePageTomcatTest"/>
  <testcase name="verifyBasePageLoginLink" time="0.046" classname="com.lh.common.tests.BasePageTomcatTest"/>
  <testcase name="verifyBasePageNavigatePortalText" time="0.043" classname="com.lh.common.tests.BasePageTomcatTest"/>
  <testcase name="verifyBasePageResetPasswordLink" time="0.075" classname="com.lh.common.tests.BasePageTomcatTest"/>
  <testcase name="verifyBasePageSubmitButton" time="0.096" classname="com.lh.common.tests.BasePageTomcatTest"/>
  <testcase name="verifyBasePageWelcomeToPortalText" time="0.044" classname="com.lh.common.tests.BasePageTomcatTest"/>
  <testcase name="verifyHomePageTitle" time="0.031" classname="com.lh.common.tests.BasePageTomcatTest"/>
</testsuite> <!-- Portal2 Tomcat 2 Test Run -->
