<?xml version="1.0" encoding="UTF-8"?>
<testng-results skipped="0" failed="0" total="9" passed="9">
  <reporter-output>
  </reporter-output>
  <suite name="Portal 2 Tomcat 2 Test" duration-ms="18420" started-at="2016-04-16T13:49:25Z" finished-at="2016-04-16T13:49:43Z">
    <groups>
    </groups>
    <test name="Portal2 Tomcat 2 Test Run" duration-ms="18420" started-at="2016-04-16T13:49:25Z" finished-at="2016-04-16T13:49:43Z">
      <class name="com.lh.common.tests.BasePageTomcatTest">
        <test-method status="PASS" signature="initializeTestBaseSetup(java.lang.String, java.lang.String)[pri:0, instance:com.lh.common.tests.BasePageTomcatTest@39c0f4a]" name="initializeTestBaseSetup" is-config="true" duration-ms="14472" started-at="2016-04-16T23:49:25Z" finished-at="2016-04-16T23:49:39Z">
          <params>
            <param index="0">
              <value>
                <![CDATA[firefox]]>
              </value>
            </param>
            <param index="1">
              <value>
                <![CDATA[https://ws-tomcat-test.custman.com.au:8443/]]>
              </value>
            </param>
          </params>
          <reporter-output>
          </reporter-output>
        </test-method> <!-- initializeTestBaseSetup -->
        <test-method status="PASS" signature="setUp()[pri:0, instance:com.lh.common.tests.BasePageTomcatTest@39c0f4a]" name="setUp" is-config="true" duration-ms="0" started-at="2016-04-16T23:49:39Z" finished-at="2016-04-16T23:49:39Z">
          <reporter-output>
          </reporter-output>
        </test-method> <!-- setUp -->
        <test-method status="PASS" signature="verifyBasePageCreateAccountLink()[pri:0, instance:com.lh.common.tests.BasePageTomcatTest@39c0f4a]" name="verifyBasePageCreateAccountLink" duration-ms="224" started-at="2016-04-16T23:49:39Z" finished-at="2016-04-16T23:49:39Z">
          <reporter-output>
          </reporter-output>
        </test-method> <!-- verifyBasePageCreateAccountLink -->
        <test-method status="PASS" signature="verifyBasePageHelpLink()[pri:0, instance:com.lh.common.tests.BasePageTomcatTest@39c0f4a]" name="verifyBasePageHelpLink" duration-ms="40" started-at="2016-04-16T23:49:39Z" finished-at="2016-04-16T23:49:39Z">
          <reporter-output>
          </reporter-output>
        </test-method> <!-- verifyBasePageHelpLink -->
        <test-method status="PASS" signature="verifyBasePageHomeLink()[pri:0, instance:com.lh.common.tests.BasePageTomcatTest@39c0f4a]" name="verifyBasePageHomeLink" duration-ms="40" started-at="2016-04-16T23:49:39Z" finished-at="2016-04-16T23:49:39Z">
          <reporter-output>
          </reporter-output>
        </test-method> <!-- verifyBasePageHomeLink -->
        <test-method status="PASS" signature="verifyBasePageLoginLink()[pri:0, instance:com.lh.common.tests.BasePageTomcatTest@39c0f4a]" name="verifyBasePageLoginLink" duration-ms="46" started-at="2016-04-16T23:49:39Z" finished-at="2016-04-16T23:49:39Z">
          <reporter-output>
          </reporter-output>
        </test-method> <!-- verifyBasePageLoginLink -->
        <test-method status="PASS" signature="verifyBasePageNavigatePortalText()[pri:0, instance:com.lh.common.tests.BasePageTomcatTest@39c0f4a]" name="verifyBasePageNavigatePortalText" duration-ms="43" started-at="2016-04-16T23:49:39Z" finished-at="2016-04-16T23:49:39Z">
          <reporter-output>
          </reporter-output>
        </test-method> <!-- verifyBasePageNavigatePortalText -->
        <test-method status="PASS" signature="verifyBasePageResetPasswordLink()[pri:0, instance:com.lh.common.tests.BasePageTomcatTest@39c0f4a]" name="verifyBasePageResetPasswordLink" duration-ms="75" started-at="2016-04-16T23:49:39Z" finished-at="2016-04-16T23:49:40Z">
          <reporter-output>
          </reporter-output>
        </test-method> <!-- verifyBasePageResetPasswordLink -->
        <test-method status="PASS" signature="verifyBasePageSubmitButton()[pri:0, instance:com.lh.common.tests.BasePageTomcatTest@39c0f4a]" name="verifyBasePageSubmitButton" duration-ms="96" started-at="2016-04-16T23:49:40Z" finished-at="2016-04-16T23:49:40Z">
          <reporter-output>
          </reporter-output>
        </test-method> <!-- verifyBasePageSubmitButton -->
        <test-method status="PASS" signature="verifyBasePageWelcomeToPortalText()[pri:0, instance:com.lh.common.tests.BasePageTomcatTest@39c0f4a]" name="verifyBasePageWelcomeToPortalText" duration-ms="44" started-at="2016-04-16T23:49:40Z" finished-at="2016-04-16T23:49:40Z">
          <reporter-output>
          </reporter-output>
        </test-method> <!-- verifyBasePageWelcomeToPortalText -->
        <test-method status="PASS" signature="verifyHomePageTitle()[pri:0, instance:com.lh.common.tests.BasePageTomcatTest@39c0f4a]" name="verifyHomePageTitle" duration-ms="31" started-at="2016-04-16T23:49:40Z" finished-at="2016-04-16T23:49:40Z">
          <reporter-output>
          </reporter-output>
        </test-method> <!-- verifyHomePageTitle -->
        <test-method status="PASS" signature="tearDown()[pri:0, instance:com.lh.common.tests.BasePageTomcatTest@39c0f4a]" name="tearDown" is-config="true" duration-ms="3262" started-at="2016-04-16T23:49:40Z" finished-at="2016-04-16T23:49:43Z">
          <reporter-output>
          </reporter-output>
        </test-method> <!-- tearDown -->
      </class> <!-- com.lh.common.tests.BasePageTomcatTest -->
    </test> <!-- Portal2 Tomcat 2 Test Run -->
  </suite> <!-- Portal 2 Tomcat 2 Test -->
</testng-results>
